2024-10-15 03:48:05,004 - INFO - Completed trajectory 1/100
2024-10-15 03:48:05,067 - INFO - Completed trajectory 2/100
2024-10-15 03:48:05,130 - INFO - Completed trajectory 3/100
2024-10-15 03:48:05,193 - INFO - Completed trajectory 4/100
2024-10-15 03:48:05,257 - INFO - Completed trajectory 5/100
2024-10-15 03:48:05,320 - INFO - Completed trajectory 6/100
2024-10-15 03:48:05,382 - INFO - Completed trajectory 7/100
2024-10-15 03:48:05,445 - INFO - Completed trajectory 8/100
2024-10-15 03:48:05,508 - INFO - Completed trajectory 9/100
2024-10-15 03:48:05,571 - INFO - Completed trajectory 10/100
2024-10-15 03:48:05,634 - INFO - Completed trajectory 11/100
2024-10-15 03:48:05,696 - INFO - Completed trajectory 12/100
2024-10-15 03:48:05,759 - INFO - Completed trajectory 13/100
2024-10-15 03:48:05,822 - INFO - Completed trajectory 14/100
2024-10-15 03:48:05,885 - INFO - Completed trajectory 15/100
2024-10-15 03:48:05,947 - INFO - Completed trajectory 16/100
2024-10-15 03:48:06,010 - INFO - Completed trajectory 17/100
2024-10-15 03:48:06,073 - INFO - Completed trajectory 18/100
2024-10-15 03:48:06,135 - INFO - Completed trajectory 19/100
2024-10-15 03:48:06,198 - INFO - Completed trajectory 20/100
2024-10-15 03:48:06,261 - INFO - Completed trajectory 21/100
2024-10-15 03:48:06,340 - INFO - Completed trajectory 22/100
2024-10-15 03:48:06,404 - INFO - Completed trajectory 23/100
2024-10-15 03:48:06,467 - INFO - Completed trajectory 24/100
2024-10-15 03:48:06,531 - INFO - Completed trajectory 25/100
2024-10-15 03:48:06,593 - INFO - Completed trajectory 26/100
2024-10-15 03:48:06,656 - INFO - Completed trajectory 27/100
2024-10-15 03:48:06,720 - INFO - Completed trajectory 28/100
2024-10-15 03:48:06,782 - INFO - Completed trajectory 29/100
2024-10-15 03:48:06,844 - INFO - Completed trajectory 30/100
2024-10-15 03:48:06,906 - INFO - Completed trajectory 31/100
2024-10-15 03:48:06,981 - INFO - Completed trajectory 32/100
2024-10-15 03:48:07,044 - INFO - Completed trajectory 33/100
2024-10-15 03:48:07,106 - INFO - Completed trajectory 34/100
2024-10-15 03:48:07,168 - INFO - Completed trajectory 35/100
2024-10-15 03:48:07,232 - INFO - Completed trajectory 36/100
2024-10-15 03:48:07,294 - INFO - Completed trajectory 37/100
2024-10-15 03:48:07,356 - INFO - Completed trajectory 38/100
2024-10-15 03:48:07,418 - INFO - Completed trajectory 39/100
2024-10-15 03:48:07,482 - INFO - Completed trajectory 40/100
2024-10-15 03:48:07,544 - INFO - Completed trajectory 41/100
2024-10-15 03:48:07,606 - INFO - Completed trajectory 42/100
2024-10-15 03:48:07,668 - INFO - Completed trajectory 43/100
2024-10-15 03:48:07,732 - INFO - Completed trajectory 44/100
2024-10-15 03:48:07,794 - INFO - Completed trajectory 45/100
2024-10-15 03:48:07,856 - INFO - Completed trajectory 46/100
2024-10-15 03:48:07,918 - INFO - Completed trajectory 47/100
2024-10-15 03:48:07,982 - INFO - Completed trajectory 48/100
2024-10-15 03:48:08,044 - INFO - Completed trajectory 49/100
2024-10-15 03:48:08,107 - INFO - Completed trajectory 50/100
2024-10-15 03:48:08,169 - INFO - Completed trajectory 51/100
2024-10-15 03:48:08,232 - INFO - Completed trajectory 52/100
2024-10-15 03:48:08,295 - INFO - Completed trajectory 53/100
2024-10-15 03:48:08,357 - INFO - Completed trajectory 54/100
2024-10-15 03:48:08,419 - INFO - Completed trajectory 55/100
2024-10-15 03:48:08,482 - INFO - Completed trajectory 56/100
2024-10-15 03:48:08,544 - INFO - Completed trajectory 57/100
2024-10-15 03:48:08,606 - INFO - Completed trajectory 58/100
2024-10-15 03:48:08,668 - INFO - Completed trajectory 59/100
2024-10-15 03:48:08,731 - INFO - Completed trajectory 60/100
2024-10-15 03:48:08,793 - INFO - Completed trajectory 61/100
2024-10-15 03:48:08,855 - INFO - Completed trajectory 62/100
2024-10-15 03:48:08,917 - INFO - Completed trajectory 63/100
2024-10-15 03:48:08,980 - INFO - Completed trajectory 64/100
2024-10-15 03:48:09,043 - INFO - Completed trajectory 65/100
2024-10-15 03:48:09,104 - INFO - Completed trajectory 66/100
2024-10-15 03:48:09,166 - INFO - Completed trajectory 67/100
2024-10-15 03:48:09,229 - INFO - Completed trajectory 68/100
2024-10-15 03:48:09,291 - INFO - Completed trajectory 69/100
2024-10-15 03:48:09,354 - INFO - Completed trajectory 70/100
2024-10-15 03:48:09,416 - INFO - Completed trajectory 71/100
2024-10-15 03:48:09,479 - INFO - Completed trajectory 72/100
2024-10-15 03:48:09,541 - INFO - Completed trajectory 73/100
2024-10-15 03:48:09,603 - INFO - Completed trajectory 74/100
2024-10-15 03:48:09,665 - INFO - Completed trajectory 75/100
2024-10-15 03:48:09,728 - INFO - Completed trajectory 76/100
2024-10-15 03:48:09,791 - INFO - Completed trajectory 77/100
2024-10-15 03:48:09,853 - INFO - Completed trajectory 78/100
2024-10-15 03:48:09,916 - INFO - Completed trajectory 79/100
2024-10-15 03:48:09,979 - INFO - Completed trajectory 80/100
2024-10-15 03:48:10,042 - INFO - Completed trajectory 81/100
2024-10-15 03:48:10,104 - INFO - Completed trajectory 82/100
2024-10-15 03:48:10,168 - INFO - Completed trajectory 83/100
2024-10-15 03:48:10,231 - INFO - Completed trajectory 84/100
2024-10-15 03:48:10,293 - INFO - Completed trajectory 85/100
2024-10-15 03:48:10,355 - INFO - Completed trajectory 86/100
2024-10-15 03:48:10,417 - INFO - Completed trajectory 87/100
2024-10-15 03:48:10,481 - INFO - Completed trajectory 88/100
2024-10-15 03:48:10,545 - INFO - Completed trajectory 89/100
2024-10-15 03:48:10,608 - INFO - Completed trajectory 90/100
2024-10-15 03:48:10,670 - INFO - Completed trajectory 91/100
2024-10-15 03:48:10,735 - INFO - Completed trajectory 92/100
2024-10-15 03:48:10,798 - INFO - Completed trajectory 93/100
2024-10-15 03:48:10,859 - INFO - Completed trajectory 94/100
2024-10-15 03:48:10,921 - INFO - Completed trajectory 95/100
2024-10-15 03:48:10,984 - INFO - Completed trajectory 96/100
2024-10-15 03:48:11,047 - INFO - Completed trajectory 97/100
2024-10-15 03:48:11,109 - INFO - Completed trajectory 98/100
2024-10-15 03:48:11,171 - INFO - Completed trajectory 99/100
2024-10-15 03:48:11,235 - INFO - Completed trajectory 100/100
2024-10-15 03:48:11,704 - INFO - NumExpr defaulting to 8 threads.
2024-10-15 03:48:12,915 - INFO - Koopman operators computed with shape X: (100, 499, 3)
2024-10-15 03:48:13,174 - INFO - Koopman operators plotted successfully.
2024-10-15 03:48:13,217 - INFO - Optimal LQR gain Kd computed successfully.
2024-10-15 03:48:13,531 - INFO - Eigenvalues plotted successfully.
