2024-10-15 03:24:12,639 - INFO - Completed trajectory 1/100
2024-10-15 03:24:12,703 - INFO - Completed trajectory 2/100
2024-10-15 03:24:12,767 - INFO - Completed trajectory 3/100
2024-10-15 03:24:12,831 - INFO - Completed trajectory 4/100
2024-10-15 03:24:12,894 - INFO - Completed trajectory 5/100
2024-10-15 03:24:12,958 - INFO - Completed trajectory 6/100
2024-10-15 03:24:13,023 - INFO - Completed trajectory 7/100
2024-10-15 03:24:13,087 - INFO - Completed trajectory 8/100
2024-10-15 03:24:13,151 - INFO - Completed trajectory 9/100
2024-10-15 03:24:13,214 - INFO - Completed trajectory 10/100
2024-10-15 03:24:13,278 - INFO - Completed trajectory 11/100
2024-10-15 03:24:13,341 - INFO - Completed trajectory 12/100
2024-10-15 03:24:13,405 - INFO - Completed trajectory 13/100
2024-10-15 03:24:13,468 - INFO - Completed trajectory 14/100
2024-10-15 03:24:13,530 - INFO - Completed trajectory 15/100
2024-10-15 03:24:13,593 - INFO - Completed trajectory 16/100
2024-10-15 03:24:13,658 - INFO - Completed trajectory 17/100
2024-10-15 03:24:13,721 - INFO - Completed trajectory 18/100
2024-10-15 03:24:13,784 - INFO - Completed trajectory 19/100
2024-10-15 03:24:13,847 - INFO - Completed trajectory 20/100
2024-10-15 03:24:13,911 - INFO - Completed trajectory 21/100
2024-10-15 03:24:13,974 - INFO - Completed trajectory 22/100
2024-10-15 03:24:14,037 - INFO - Completed trajectory 23/100
2024-10-15 03:24:14,099 - INFO - Completed trajectory 24/100
2024-10-15 03:24:14,163 - INFO - Completed trajectory 25/100
2024-10-15 03:24:14,226 - INFO - Completed trajectory 26/100
2024-10-15 03:24:14,289 - INFO - Completed trajectory 27/100
2024-10-15 03:24:14,352 - INFO - Completed trajectory 28/100
2024-10-15 03:24:14,416 - INFO - Completed trajectory 29/100
2024-10-15 03:24:14,479 - INFO - Completed trajectory 30/100
2024-10-15 03:24:14,542 - INFO - Completed trajectory 31/100
2024-10-15 03:24:14,604 - INFO - Completed trajectory 32/100
2024-10-15 03:24:14,668 - INFO - Completed trajectory 33/100
2024-10-15 03:24:14,731 - INFO - Completed trajectory 34/100
2024-10-15 03:24:14,794 - INFO - Completed trajectory 35/100
2024-10-15 03:24:14,877 - INFO - Completed trajectory 36/100
2024-10-15 03:24:14,943 - INFO - Completed trajectory 37/100
2024-10-15 03:24:15,007 - INFO - Completed trajectory 38/100
2024-10-15 03:24:15,071 - INFO - Completed trajectory 39/100
2024-10-15 03:24:15,136 - INFO - Completed trajectory 40/100
2024-10-15 03:24:15,199 - INFO - Completed trajectory 41/100
2024-10-15 03:24:15,261 - INFO - Completed trajectory 42/100
2024-10-15 03:24:15,326 - INFO - Completed trajectory 43/100
2024-10-15 03:24:15,390 - INFO - Completed trajectory 44/100
2024-10-15 03:24:15,452 - INFO - Completed trajectory 45/100
2024-10-15 03:24:15,515 - INFO - Completed trajectory 46/100
2024-10-15 03:24:15,577 - INFO - Completed trajectory 47/100
2024-10-15 03:24:15,641 - INFO - Completed trajectory 48/100
2024-10-15 03:24:15,704 - INFO - Completed trajectory 49/100
2024-10-15 03:24:15,767 - INFO - Completed trajectory 50/100
2024-10-15 03:24:15,830 - INFO - Completed trajectory 51/100
2024-10-15 03:24:15,893 - INFO - Completed trajectory 52/100
2024-10-15 03:24:15,956 - INFO - Completed trajectory 53/100
2024-10-15 03:24:16,018 - INFO - Completed trajectory 54/100
2024-10-15 03:24:16,080 - INFO - Completed trajectory 55/100
2024-10-15 03:24:16,145 - INFO - Completed trajectory 56/100
2024-10-15 03:24:16,209 - INFO - Completed trajectory 57/100
2024-10-15 03:24:16,272 - INFO - Completed trajectory 58/100
2024-10-15 03:24:16,334 - INFO - Completed trajectory 59/100
2024-10-15 03:24:16,398 - INFO - Completed trajectory 60/100
2024-10-15 03:24:16,461 - INFO - Completed trajectory 61/100
2024-10-15 03:24:16,524 - INFO - Completed trajectory 62/100
2024-10-15 03:24:16,586 - INFO - Completed trajectory 63/100
2024-10-15 03:24:16,649 - INFO - Completed trajectory 64/100
2024-10-15 03:24:16,712 - INFO - Completed trajectory 65/100
2024-10-15 03:24:16,775 - INFO - Completed trajectory 66/100
2024-10-15 03:24:16,838 - INFO - Completed trajectory 67/100
2024-10-15 03:24:16,901 - INFO - Completed trajectory 68/100
2024-10-15 03:24:16,964 - INFO - Completed trajectory 69/100
2024-10-15 03:24:17,027 - INFO - Completed trajectory 70/100
2024-10-15 03:24:17,089 - INFO - Completed trajectory 71/100
2024-10-15 03:24:17,152 - INFO - Completed trajectory 72/100
2024-10-15 03:24:17,215 - INFO - Completed trajectory 73/100
2024-10-15 03:24:17,277 - INFO - Completed trajectory 74/100
2024-10-15 03:24:17,340 - INFO - Completed trajectory 75/100
2024-10-15 03:24:17,403 - INFO - Completed trajectory 76/100
2024-10-15 03:24:17,466 - INFO - Completed trajectory 77/100
2024-10-15 03:24:17,528 - INFO - Completed trajectory 78/100
2024-10-15 03:24:17,590 - INFO - Completed trajectory 79/100
2024-10-15 03:24:17,654 - INFO - Completed trajectory 80/100
2024-10-15 03:24:17,717 - INFO - Completed trajectory 81/100
2024-10-15 03:24:17,779 - INFO - Completed trajectory 82/100
2024-10-15 03:24:17,842 - INFO - Completed trajectory 83/100
2024-10-15 03:24:17,906 - INFO - Completed trajectory 84/100
2024-10-15 03:24:17,968 - INFO - Completed trajectory 85/100
2024-10-15 03:24:18,030 - INFO - Completed trajectory 86/100
2024-10-15 03:24:18,092 - INFO - Completed trajectory 87/100
2024-10-15 03:24:18,156 - INFO - Completed trajectory 88/100
2024-10-15 03:24:18,218 - INFO - Completed trajectory 89/100
2024-10-15 03:24:18,281 - INFO - Completed trajectory 90/100
2024-10-15 03:24:18,344 - INFO - Completed trajectory 91/100
2024-10-15 03:24:18,408 - INFO - Completed trajectory 92/100
2024-10-15 03:24:18,471 - INFO - Completed trajectory 93/100
2024-10-15 03:24:18,533 - INFO - Completed trajectory 94/100
2024-10-15 03:24:18,595 - INFO - Completed trajectory 95/100
2024-10-15 03:24:18,659 - INFO - Completed trajectory 96/100
2024-10-15 03:24:18,722 - INFO - Completed trajectory 97/100
2024-10-15 03:24:18,784 - INFO - Completed trajectory 98/100
2024-10-15 03:24:18,847 - INFO - Completed trajectory 99/100
2024-10-15 03:24:18,911 - INFO - Completed trajectory 100/100
2024-10-15 03:24:19,376 - INFO - NumExpr defaulting to 8 threads.
2024-10-15 03:25:17,532 - INFO - Completed trajectory 1/100
2024-10-15 03:25:17,597 - INFO - Completed trajectory 2/100
2024-10-15 03:25:17,660 - INFO - Completed trajectory 3/100
2024-10-15 03:25:17,724 - INFO - Completed trajectory 4/100
2024-10-15 03:25:17,789 - INFO - Completed trajectory 5/100
2024-10-15 03:25:17,854 - INFO - Completed trajectory 6/100
2024-10-15 03:25:17,918 - INFO - Completed trajectory 7/100
2024-10-15 03:25:17,982 - INFO - Completed trajectory 8/100
2024-10-15 03:25:18,047 - INFO - Completed trajectory 9/100
2024-10-15 03:25:18,112 - INFO - Completed trajectory 10/100
2024-10-15 03:25:18,176 - INFO - Completed trajectory 11/100
2024-10-15 03:25:18,241 - INFO - Completed trajectory 12/100
2024-10-15 03:25:18,306 - INFO - Completed trajectory 13/100
2024-10-15 03:25:18,369 - INFO - Completed trajectory 14/100
2024-10-15 03:25:18,435 - INFO - Completed trajectory 15/100
2024-10-15 03:25:18,499 - INFO - Completed trajectory 16/100
2024-10-15 03:25:18,564 - INFO - Completed trajectory 17/100
2024-10-15 03:25:18,628 - INFO - Completed trajectory 18/100
2024-10-15 03:25:18,692 - INFO - Completed trajectory 19/100
2024-10-15 03:25:18,756 - INFO - Completed trajectory 20/100
2024-10-15 03:25:18,821 - INFO - Completed trajectory 21/100
2024-10-15 03:25:18,885 - INFO - Completed trajectory 22/100
2024-10-15 03:25:18,949 - INFO - Completed trajectory 23/100
2024-10-15 03:25:19,013 - INFO - Completed trajectory 24/100
2024-10-15 03:25:19,081 - INFO - Completed trajectory 25/100
2024-10-15 03:25:19,146 - INFO - Completed trajectory 26/100
2024-10-15 03:25:19,212 - INFO - Completed trajectory 27/100
2024-10-15 03:25:19,276 - INFO - Completed trajectory 28/100
2024-10-15 03:25:19,341 - INFO - Completed trajectory 29/100
2024-10-15 03:25:19,404 - INFO - Completed trajectory 30/100
2024-10-15 03:25:19,468 - INFO - Completed trajectory 31/100
2024-10-15 03:25:19,532 - INFO - Completed trajectory 32/100
2024-10-15 03:25:19,596 - INFO - Completed trajectory 33/100
2024-10-15 03:25:19,661 - INFO - Completed trajectory 34/100
2024-10-15 03:25:19,724 - INFO - Completed trajectory 35/100
2024-10-15 03:25:19,788 - INFO - Completed trajectory 36/100
2024-10-15 03:25:19,853 - INFO - Completed trajectory 37/100
2024-10-15 03:25:19,917 - INFO - Completed trajectory 38/100
2024-10-15 03:25:19,980 - INFO - Completed trajectory 39/100
2024-10-15 03:25:20,043 - INFO - Completed trajectory 40/100
2024-10-15 03:25:20,108 - INFO - Completed trajectory 41/100
2024-10-15 03:25:20,171 - INFO - Completed trajectory 42/100
2024-10-15 03:25:20,234 - INFO - Completed trajectory 43/100
2024-10-15 03:25:20,298 - INFO - Completed trajectory 44/100
2024-10-15 03:25:20,362 - INFO - Completed trajectory 45/100
2024-10-15 03:25:20,428 - INFO - Completed trajectory 46/100
2024-10-15 03:25:20,493 - INFO - Completed trajectory 47/100
2024-10-15 03:25:20,557 - INFO - Completed trajectory 48/100
2024-10-15 03:25:20,623 - INFO - Completed trajectory 49/100
2024-10-15 03:25:20,687 - INFO - Completed trajectory 50/100
2024-10-15 03:25:20,768 - INFO - Completed trajectory 51/100
2024-10-15 03:25:20,832 - INFO - Completed trajectory 52/100
2024-10-15 03:25:20,896 - INFO - Completed trajectory 53/100
2024-10-15 03:25:20,960 - INFO - Completed trajectory 54/100
2024-10-15 03:25:21,024 - INFO - Completed trajectory 55/100
2024-10-15 03:25:21,089 - INFO - Completed trajectory 56/100
2024-10-15 03:25:21,152 - INFO - Completed trajectory 57/100
2024-10-15 03:25:21,216 - INFO - Completed trajectory 58/100
2024-10-15 03:25:21,280 - INFO - Completed trajectory 59/100
2024-10-15 03:25:21,345 - INFO - Completed trajectory 60/100
2024-10-15 03:25:21,408 - INFO - Completed trajectory 61/100
2024-10-15 03:25:21,472 - INFO - Completed trajectory 62/100
2024-10-15 03:25:21,535 - INFO - Completed trajectory 63/100
2024-10-15 03:25:21,599 - INFO - Completed trajectory 64/100
2024-10-15 03:25:21,663 - INFO - Completed trajectory 65/100
2024-10-15 03:25:21,726 - INFO - Completed trajectory 66/100
2024-10-15 03:25:21,789 - INFO - Completed trajectory 67/100
2024-10-15 03:25:21,854 - INFO - Completed trajectory 68/100
2024-10-15 03:25:21,917 - INFO - Completed trajectory 69/100
2024-10-15 03:25:21,981 - INFO - Completed trajectory 70/100
2024-10-15 03:25:22,044 - INFO - Completed trajectory 71/100
2024-10-15 03:25:22,109 - INFO - Completed trajectory 72/100
2024-10-15 03:25:22,173 - INFO - Completed trajectory 73/100
2024-10-15 03:25:22,236 - INFO - Completed trajectory 74/100
2024-10-15 03:25:22,299 - INFO - Completed trajectory 75/100
2024-10-15 03:25:22,364 - INFO - Completed trajectory 76/100
2024-10-15 03:25:22,427 - INFO - Completed trajectory 77/100
2024-10-15 03:25:22,491 - INFO - Completed trajectory 78/100
2024-10-15 03:25:22,555 - INFO - Completed trajectory 79/100
2024-10-15 03:25:22,619 - INFO - Completed trajectory 80/100
2024-10-15 03:25:22,683 - INFO - Completed trajectory 81/100
2024-10-15 03:25:22,746 - INFO - Completed trajectory 82/100
2024-10-15 03:25:22,809 - INFO - Completed trajectory 83/100
2024-10-15 03:25:22,874 - INFO - Completed trajectory 84/100
2024-10-15 03:25:22,938 - INFO - Completed trajectory 85/100
2024-10-15 03:25:23,001 - INFO - Completed trajectory 86/100
2024-10-15 03:25:23,064 - INFO - Completed trajectory 87/100
2024-10-15 03:25:23,129 - INFO - Completed trajectory 88/100
2024-10-15 03:25:23,192 - INFO - Completed trajectory 89/100
2024-10-15 03:25:23,255 - INFO - Completed trajectory 90/100
2024-10-15 03:25:23,319 - INFO - Completed trajectory 91/100
2024-10-15 03:25:23,386 - INFO - Completed trajectory 92/100
2024-10-15 03:25:23,450 - INFO - Completed trajectory 93/100
2024-10-15 03:25:23,513 - INFO - Completed trajectory 94/100
2024-10-15 03:25:23,577 - INFO - Completed trajectory 95/100
2024-10-15 03:25:23,643 - INFO - Completed trajectory 96/100
2024-10-15 03:25:23,707 - INFO - Completed trajectory 97/100
2024-10-15 03:25:23,770 - INFO - Completed trajectory 98/100
2024-10-15 03:25:23,838 - INFO - Completed trajectory 99/100
2024-10-15 03:25:23,904 - INFO - Completed trajectory 100/100
2024-10-15 03:25:24,369 - INFO - NumExpr defaulting to 8 threads.
2024-10-15 03:25:25,519 - INFO - Koopman operators computed with shape X: (100, 499, 3)
2024-10-15 03:25:25,748 - INFO - Koopman operators plotted successfully.
2024-10-15 03:25:53,942 - INFO - Completed trajectory 1/100
2024-10-15 03:25:54,010 - INFO - Completed trajectory 2/100
2024-10-15 03:25:54,074 - INFO - Completed trajectory 3/100
2024-10-15 03:25:54,139 - INFO - Completed trajectory 4/100
2024-10-15 03:25:54,205 - INFO - Completed trajectory 5/100
2024-10-15 03:25:54,271 - INFO - Completed trajectory 6/100
2024-10-15 03:25:54,337 - INFO - Completed trajectory 7/100
2024-10-15 03:25:54,401 - INFO - Completed trajectory 8/100
2024-10-15 03:25:54,466 - INFO - Completed trajectory 9/100
2024-10-15 03:25:54,531 - INFO - Completed trajectory 10/100
2024-10-15 03:25:54,595 - INFO - Completed trajectory 11/100
2024-10-15 03:25:54,660 - INFO - Completed trajectory 12/100
2024-10-15 03:25:54,726 - INFO - Completed trajectory 13/100
2024-10-15 03:25:54,792 - INFO - Completed trajectory 14/100
2024-10-15 03:25:54,857 - INFO - Completed trajectory 15/100
2024-10-15 03:25:54,922 - INFO - Completed trajectory 16/100
2024-10-15 03:25:54,987 - INFO - Completed trajectory 17/100
2024-10-15 03:25:55,052 - INFO - Completed trajectory 18/100
2024-10-15 03:25:55,117 - INFO - Completed trajectory 19/100
2024-10-15 03:25:55,181 - INFO - Completed trajectory 20/100
2024-10-15 03:25:55,247 - INFO - Completed trajectory 21/100
2024-10-15 03:25:55,312 - INFO - Completed trajectory 22/100
2024-10-15 03:25:55,377 - INFO - Completed trajectory 23/100
2024-10-15 03:25:55,441 - INFO - Completed trajectory 24/100
2024-10-15 03:25:55,508 - INFO - Completed trajectory 25/100
2024-10-15 03:25:55,573 - INFO - Completed trajectory 26/100
2024-10-15 03:25:55,637 - INFO - Completed trajectory 27/100
2024-10-15 03:25:55,702 - INFO - Completed trajectory 28/100
2024-10-15 03:25:55,767 - INFO - Completed trajectory 29/100
2024-10-15 03:25:55,832 - INFO - Completed trajectory 30/100
2024-10-15 03:25:55,896 - INFO - Completed trajectory 31/100
2024-10-15 03:25:55,960 - INFO - Completed trajectory 32/100
2024-10-15 03:25:56,027 - INFO - Completed trajectory 33/100
2024-10-15 03:25:56,091 - INFO - Completed trajectory 34/100
2024-10-15 03:25:56,155 - INFO - Completed trajectory 35/100
2024-10-15 03:25:56,220 - INFO - Completed trajectory 36/100
2024-10-15 03:25:56,285 - INFO - Completed trajectory 37/100
2024-10-15 03:25:56,350 - INFO - Completed trajectory 38/100
2024-10-15 03:25:56,414 - INFO - Completed trajectory 39/100
2024-10-15 03:25:56,478 - INFO - Completed trajectory 40/100
2024-10-15 03:25:56,544 - INFO - Completed trajectory 41/100
2024-10-15 03:25:56,609 - INFO - Completed trajectory 42/100
2024-10-15 03:25:56,673 - INFO - Completed trajectory 43/100
2024-10-15 03:25:56,737 - INFO - Completed trajectory 44/100
2024-10-15 03:25:56,802 - INFO - Completed trajectory 45/100
2024-10-15 03:25:56,866 - INFO - Completed trajectory 46/100
2024-10-15 03:25:56,931 - INFO - Completed trajectory 47/100
2024-10-15 03:25:56,997 - INFO - Completed trajectory 48/100
2024-10-15 03:25:57,063 - INFO - Completed trajectory 49/100
2024-10-15 03:25:57,127 - INFO - Completed trajectory 50/100
2024-10-15 03:25:57,193 - INFO - Completed trajectory 51/100
2024-10-15 03:25:57,257 - INFO - Completed trajectory 52/100
2024-10-15 03:25:57,325 - INFO - Completed trajectory 53/100
2024-10-15 03:25:57,390 - INFO - Completed trajectory 54/100
2024-10-15 03:25:57,454 - INFO - Completed trajectory 55/100
2024-10-15 03:25:57,518 - INFO - Completed trajectory 56/100
2024-10-15 03:25:57,583 - INFO - Completed trajectory 57/100
2024-10-15 03:25:57,648 - INFO - Completed trajectory 58/100
2024-10-15 03:25:57,712 - INFO - Completed trajectory 59/100
2024-10-15 03:25:57,777 - INFO - Completed trajectory 60/100
2024-10-15 03:25:57,842 - INFO - Completed trajectory 61/100
2024-10-15 03:25:57,907 - INFO - Completed trajectory 62/100
2024-10-15 03:25:57,971 - INFO - Completed trajectory 63/100
2024-10-15 03:25:58,035 - INFO - Completed trajectory 64/100
2024-10-15 03:25:58,100 - INFO - Completed trajectory 65/100
2024-10-15 03:25:58,164 - INFO - Completed trajectory 66/100
2024-10-15 03:25:58,229 - INFO - Completed trajectory 67/100
2024-10-15 03:25:58,293 - INFO - Completed trajectory 68/100
2024-10-15 03:25:58,358 - INFO - Completed trajectory 69/100
2024-10-15 03:25:58,422 - INFO - Completed trajectory 70/100
2024-10-15 03:25:58,486 - INFO - Completed trajectory 71/100
2024-10-15 03:25:58,551 - INFO - Completed trajectory 72/100
2024-10-15 03:25:58,617 - INFO - Completed trajectory 73/100
2024-10-15 03:25:58,683 - INFO - Completed trajectory 74/100
2024-10-15 03:25:58,748 - INFO - Completed trajectory 75/100
2024-10-15 03:25:58,813 - INFO - Completed trajectory 76/100
2024-10-15 03:25:58,879 - INFO - Completed trajectory 77/100
2024-10-15 03:25:58,943 - INFO - Completed trajectory 78/100
2024-10-15 03:25:59,006 - INFO - Completed trajectory 79/100
2024-10-15 03:25:59,070 - INFO - Completed trajectory 80/100
2024-10-15 03:25:59,136 - INFO - Completed trajectory 81/100
2024-10-15 03:25:59,200 - INFO - Completed trajectory 82/100
2024-10-15 03:25:59,264 - INFO - Completed trajectory 83/100
2024-10-15 03:25:59,327 - INFO - Completed trajectory 84/100
2024-10-15 03:25:59,392 - INFO - Completed trajectory 85/100
2024-10-15 03:25:59,456 - INFO - Completed trajectory 86/100
2024-10-15 03:25:59,520 - INFO - Completed trajectory 87/100
2024-10-15 03:25:59,584 - INFO - Completed trajectory 88/100
2024-10-15 03:25:59,649 - INFO - Completed trajectory 89/100
2024-10-15 03:25:59,713 - INFO - Completed trajectory 90/100
2024-10-15 03:25:59,776 - INFO - Completed trajectory 91/100
2024-10-15 03:25:59,839 - INFO - Completed trajectory 92/100
2024-10-15 03:25:59,905 - INFO - Completed trajectory 93/100
2024-10-15 03:25:59,969 - INFO - Completed trajectory 94/100
2024-10-15 03:26:00,032 - INFO - Completed trajectory 95/100
2024-10-15 03:26:00,097 - INFO - Completed trajectory 96/100
2024-10-15 03:26:00,163 - INFO - Completed trajectory 97/100
2024-10-15 03:26:00,227 - INFO - Completed trajectory 98/100
2024-10-15 03:26:00,291 - INFO - Completed trajectory 99/100
2024-10-15 03:26:00,354 - INFO - Completed trajectory 100/100
2024-10-15 03:26:00,810 - INFO - NumExpr defaulting to 8 threads.
2024-10-15 03:26:01,916 - INFO - Koopman operators computed with shape X: (100, 499, 3)
2024-10-15 03:26:02,153 - INFO - Koopman operators plotted successfully.
2024-10-15 03:26:02,193 - INFO - Optimal LQR gain Kd computed successfully.
2024-10-15 03:26:02,547 - INFO - Eigenvalues plotted successfully.
2024-10-15 03:28:48,520 - INFO - Completed trajectory 1/100
2024-10-15 03:28:48,586 - INFO - Completed trajectory 2/100
2024-10-15 03:28:48,651 - INFO - Completed trajectory 3/100
2024-10-15 03:28:48,716 - INFO - Completed trajectory 4/100
2024-10-15 03:28:48,780 - INFO - Completed trajectory 5/100
2024-10-15 03:28:48,844 - INFO - Completed trajectory 6/100
2024-10-15 03:28:48,909 - INFO - Completed trajectory 7/100
2024-10-15 03:28:48,973 - INFO - Completed trajectory 8/100
2024-10-15 03:28:49,038 - INFO - Completed trajectory 9/100
2024-10-15 03:28:49,102 - INFO - Completed trajectory 10/100
2024-10-15 03:28:49,166 - INFO - Completed trajectory 11/100
2024-10-15 03:28:49,230 - INFO - Completed trajectory 12/100
2024-10-15 03:28:49,295 - INFO - Completed trajectory 13/100
2024-10-15 03:28:49,359 - INFO - Completed trajectory 14/100
2024-10-15 03:28:49,422 - INFO - Completed trajectory 15/100
2024-10-15 03:28:49,486 - INFO - Completed trajectory 16/100
2024-10-15 03:28:49,551 - INFO - Completed trajectory 17/100
2024-10-15 03:28:49,615 - INFO - Completed trajectory 18/100
2024-10-15 03:28:49,678 - INFO - Completed trajectory 19/100
2024-10-15 03:28:49,745 - INFO - Completed trajectory 20/100
2024-10-15 03:28:49,811 - INFO - Completed trajectory 21/100
2024-10-15 03:28:49,874 - INFO - Completed trajectory 22/100
2024-10-15 03:28:49,938 - INFO - Completed trajectory 23/100
2024-10-15 03:28:50,002 - INFO - Completed trajectory 24/100
2024-10-15 03:28:50,067 - INFO - Completed trajectory 25/100
2024-10-15 03:28:50,131 - INFO - Completed trajectory 26/100
2024-10-15 03:28:50,194 - INFO - Completed trajectory 27/100
2024-10-15 03:28:50,258 - INFO - Completed trajectory 28/100
2024-10-15 03:28:50,323 - INFO - Completed trajectory 29/100
2024-10-15 03:28:50,387 - INFO - Completed trajectory 30/100
2024-10-15 03:28:50,450 - INFO - Completed trajectory 31/100
2024-10-15 03:28:50,514 - INFO - Completed trajectory 32/100
2024-10-15 03:28:50,579 - INFO - Completed trajectory 33/100
2024-10-15 03:28:50,643 - INFO - Completed trajectory 34/100
2024-10-15 03:28:50,707 - INFO - Completed trajectory 35/100
2024-10-15 03:28:50,771 - INFO - Completed trajectory 36/100
2024-10-15 03:28:50,835 - INFO - Completed trajectory 37/100
2024-10-15 03:28:50,899 - INFO - Completed trajectory 38/100
2024-10-15 03:28:50,963 - INFO - Completed trajectory 39/100
2024-10-15 03:28:51,026 - INFO - Completed trajectory 40/100
2024-10-15 03:28:51,090 - INFO - Completed trajectory 41/100
2024-10-15 03:28:51,154 - INFO - Completed trajectory 42/100
2024-10-15 03:28:51,217 - INFO - Completed trajectory 43/100
2024-10-15 03:28:51,280 - INFO - Completed trajectory 44/100
2024-10-15 03:28:51,345 - INFO - Completed trajectory 45/100
2024-10-15 03:28:51,409 - INFO - Completed trajectory 46/100
2024-10-15 03:28:51,472 - INFO - Completed trajectory 47/100
2024-10-15 03:28:51,535 - INFO - Completed trajectory 48/100
2024-10-15 03:28:51,600 - INFO - Completed trajectory 49/100
2024-10-15 03:28:51,663 - INFO - Completed trajectory 50/100
2024-10-15 03:28:51,727 - INFO - Completed trajectory 51/100
2024-10-15 03:28:51,791 - INFO - Completed trajectory 52/100
2024-10-15 03:28:51,856 - INFO - Completed trajectory 53/100
2024-10-15 03:28:51,919 - INFO - Completed trajectory 54/100
2024-10-15 03:28:51,982 - INFO - Completed trajectory 55/100
2024-10-15 03:28:52,045 - INFO - Completed trajectory 56/100
2024-10-15 03:28:52,110 - INFO - Completed trajectory 57/100
2024-10-15 03:28:52,174 - INFO - Completed trajectory 58/100
2024-10-15 03:28:52,237 - INFO - Completed trajectory 59/100
2024-10-15 03:28:52,300 - INFO - Completed trajectory 60/100
2024-10-15 03:28:52,365 - INFO - Completed trajectory 61/100
2024-10-15 03:28:52,428 - INFO - Completed trajectory 62/100
2024-10-15 03:28:52,491 - INFO - Completed trajectory 63/100
2024-10-15 03:28:52,554 - INFO - Completed trajectory 64/100
2024-10-15 03:28:52,619 - INFO - Completed trajectory 65/100
2024-10-15 03:28:52,683 - INFO - Completed trajectory 66/100
2024-10-15 03:28:52,746 - INFO - Completed trajectory 67/100
2024-10-15 03:28:52,809 - INFO - Completed trajectory 68/100
2024-10-15 03:28:52,874 - INFO - Completed trajectory 69/100
2024-10-15 03:28:52,937 - INFO - Completed trajectory 70/100
2024-10-15 03:28:53,001 - INFO - Completed trajectory 71/100
2024-10-15 03:28:53,064 - INFO - Completed trajectory 72/100
2024-10-15 03:28:53,129 - INFO - Completed trajectory 73/100
2024-10-15 03:28:53,192 - INFO - Completed trajectory 74/100
2024-10-15 03:28:53,255 - INFO - Completed trajectory 75/100
2024-10-15 03:28:53,319 - INFO - Completed trajectory 76/100
2024-10-15 03:28:53,383 - INFO - Completed trajectory 77/100
2024-10-15 03:28:53,446 - INFO - Completed trajectory 78/100
2024-10-15 03:28:53,510 - INFO - Completed trajectory 79/100
2024-10-15 03:28:53,573 - INFO - Completed trajectory 80/100
2024-10-15 03:28:53,638 - INFO - Completed trajectory 81/100
2024-10-15 03:28:53,701 - INFO - Completed trajectory 82/100
2024-10-15 03:28:53,765 - INFO - Completed trajectory 83/100
2024-10-15 03:28:53,828 - INFO - Completed trajectory 84/100
2024-10-15 03:28:53,893 - INFO - Completed trajectory 85/100
2024-10-15 03:28:53,956 - INFO - Completed trajectory 86/100
2024-10-15 03:28:54,019 - INFO - Completed trajectory 87/100
2024-10-15 03:28:54,082 - INFO - Completed trajectory 88/100
2024-10-15 03:28:54,147 - INFO - Completed trajectory 89/100
2024-10-15 03:28:54,210 - INFO - Completed trajectory 90/100
2024-10-15 03:28:54,274 - INFO - Completed trajectory 91/100
2024-10-15 03:28:54,336 - INFO - Completed trajectory 92/100
2024-10-15 03:28:54,401 - INFO - Completed trajectory 93/100
2024-10-15 03:28:54,464 - INFO - Completed trajectory 94/100
2024-10-15 03:28:54,528 - INFO - Completed trajectory 95/100
2024-10-15 03:28:54,591 - INFO - Completed trajectory 96/100
2024-10-15 03:28:54,655 - INFO - Completed trajectory 97/100
2024-10-15 03:28:54,719 - INFO - Completed trajectory 98/100
2024-10-15 03:28:54,782 - INFO - Completed trajectory 99/100
2024-10-15 03:28:54,845 - INFO - Completed trajectory 100/100
2024-10-15 03:28:55,365 - INFO - NumExpr defaulting to 8 threads.
2024-10-15 03:28:56,652 - INFO - Koopman operators computed with shape X: (100, 499, 3)
2024-10-15 03:28:56,917 - INFO - Koopman operators plotted successfully.
2024-10-15 03:28:56,946 - INFO - Optimal LQR gain Kd computed successfully.
2024-10-15 03:28:57,240 - INFO - Eigenvalues plotted successfully.
2024-10-15 03:29:48,626 - INFO - Completed trajectory 1/100
2024-10-15 03:29:48,690 - INFO - Completed trajectory 2/100
2024-10-15 03:29:48,753 - INFO - Completed trajectory 3/100
2024-10-15 03:29:48,818 - INFO - Completed trajectory 4/100
2024-10-15 03:29:48,881 - INFO - Completed trajectory 5/100
2024-10-15 03:29:48,944 - INFO - Completed trajectory 6/100
2024-10-15 03:29:49,007 - INFO - Completed trajectory 7/100
2024-10-15 03:29:49,070 - INFO - Completed trajectory 8/100
2024-10-15 03:29:49,134 - INFO - Completed trajectory 9/100
2024-10-15 03:29:49,197 - INFO - Completed trajectory 10/100
2024-10-15 03:29:49,260 - INFO - Completed trajectory 11/100
2024-10-15 03:29:49,323 - INFO - Completed trajectory 12/100
2024-10-15 03:29:49,387 - INFO - Completed trajectory 13/100
2024-10-15 03:29:49,449 - INFO - Completed trajectory 14/100
2024-10-15 03:29:49,512 - INFO - Completed trajectory 15/100
2024-10-15 03:29:49,574 - INFO - Completed trajectory 16/100
2024-10-15 03:29:49,639 - INFO - Completed trajectory 17/100
2024-10-15 03:29:49,701 - INFO - Completed trajectory 18/100
2024-10-15 03:29:49,764 - INFO - Completed trajectory 19/100
2024-10-15 03:29:49,827 - INFO - Completed trajectory 20/100
2024-10-15 03:29:49,891 - INFO - Completed trajectory 21/100
2024-10-15 03:29:49,954 - INFO - Completed trajectory 22/100
2024-10-15 03:29:50,017 - INFO - Completed trajectory 23/100
2024-10-15 03:29:50,082 - INFO - Completed trajectory 24/100
2024-10-15 03:29:50,147 - INFO - Completed trajectory 25/100
2024-10-15 03:29:50,210 - INFO - Completed trajectory 26/100
2024-10-15 03:29:50,273 - INFO - Completed trajectory 27/100
2024-10-15 03:29:50,336 - INFO - Completed trajectory 28/100
2024-10-15 03:29:50,399 - INFO - Completed trajectory 29/100
2024-10-15 03:29:50,462 - INFO - Completed trajectory 30/100
2024-10-15 03:29:50,525 - INFO - Completed trajectory 31/100
2024-10-15 03:29:50,588 - INFO - Completed trajectory 32/100
2024-10-15 03:29:50,651 - INFO - Completed trajectory 33/100
2024-10-15 03:29:50,713 - INFO - Completed trajectory 34/100
2024-10-15 03:29:50,775 - INFO - Completed trajectory 35/100
2024-10-15 03:29:50,838 - INFO - Completed trajectory 36/100
2024-10-15 03:29:50,901 - INFO - Completed trajectory 37/100
2024-10-15 03:29:50,964 - INFO - Completed trajectory 38/100
2024-10-15 03:29:51,026 - INFO - Completed trajectory 39/100
2024-10-15 03:29:51,089 - INFO - Completed trajectory 40/100
2024-10-15 03:29:51,152 - INFO - Completed trajectory 41/100
2024-10-15 03:29:51,215 - INFO - Completed trajectory 42/100
2024-10-15 03:29:51,277 - INFO - Completed trajectory 43/100
2024-10-15 03:29:51,339 - INFO - Completed trajectory 44/100
2024-10-15 03:29:51,403 - INFO - Completed trajectory 45/100
2024-10-15 03:29:51,465 - INFO - Completed trajectory 46/100
2024-10-15 03:29:51,527 - INFO - Completed trajectory 47/100
2024-10-15 03:29:51,589 - INFO - Completed trajectory 48/100
2024-10-15 03:29:51,653 - INFO - Completed trajectory 49/100
2024-10-15 03:29:51,715 - INFO - Completed trajectory 50/100
2024-10-15 03:29:51,778 - INFO - Completed trajectory 51/100
2024-10-15 03:29:51,841 - INFO - Completed trajectory 52/100
2024-10-15 03:29:51,905 - INFO - Completed trajectory 53/100
2024-10-15 03:29:51,970 - INFO - Completed trajectory 54/100
2024-10-15 03:29:52,035 - INFO - Completed trajectory 55/100
2024-10-15 03:29:52,101 - INFO - Completed trajectory 56/100
2024-10-15 03:29:52,166 - INFO - Completed trajectory 57/100
2024-10-15 03:29:52,228 - INFO - Completed trajectory 58/100
2024-10-15 03:29:52,291 - INFO - Completed trajectory 59/100
2024-10-15 03:29:52,353 - INFO - Completed trajectory 60/100
2024-10-15 03:29:52,417 - INFO - Completed trajectory 61/100
2024-10-15 03:29:52,480 - INFO - Completed trajectory 62/100
2024-10-15 03:29:52,542 - INFO - Completed trajectory 63/100
2024-10-15 03:29:52,604 - INFO - Completed trajectory 64/100
2024-10-15 03:29:52,667 - INFO - Completed trajectory 65/100
2024-10-15 03:29:52,729 - INFO - Completed trajectory 66/100
2024-10-15 03:29:52,792 - INFO - Completed trajectory 67/100
2024-10-15 03:29:52,854 - INFO - Completed trajectory 68/100
2024-10-15 03:29:52,917 - INFO - Completed trajectory 69/100
2024-10-15 03:29:52,979 - INFO - Completed trajectory 70/100
2024-10-15 03:29:53,042 - INFO - Completed trajectory 71/100
2024-10-15 03:29:53,107 - INFO - Completed trajectory 72/100
2024-10-15 03:29:53,171 - INFO - Completed trajectory 73/100
2024-10-15 03:29:53,235 - INFO - Completed trajectory 74/100
2024-10-15 03:29:53,298 - INFO - Completed trajectory 75/100
2024-10-15 03:29:53,402 - INFO - Completed trajectory 76/100
2024-10-15 03:29:53,496 - INFO - Completed trajectory 77/100
2024-10-15 03:29:53,562 - INFO - Completed trajectory 78/100
2024-10-15 03:29:53,627 - INFO - Completed trajectory 79/100
2024-10-15 03:29:53,690 - INFO - Completed trajectory 80/100
2024-10-15 03:29:53,753 - INFO - Completed trajectory 81/100
2024-10-15 03:29:53,818 - INFO - Completed trajectory 82/100
2024-10-15 03:29:53,887 - INFO - Completed trajectory 83/100
2024-10-15 03:29:53,950 - INFO - Completed trajectory 84/100
2024-10-15 03:29:54,013 - INFO - Completed trajectory 85/100
2024-10-15 03:29:54,077 - INFO - Completed trajectory 86/100
2024-10-15 03:29:54,145 - INFO - Completed trajectory 87/100
2024-10-15 03:29:54,209 - INFO - Completed trajectory 88/100
2024-10-15 03:29:54,272 - INFO - Completed trajectory 89/100
2024-10-15 03:29:54,335 - INFO - Completed trajectory 90/100
2024-10-15 03:29:54,399 - INFO - Completed trajectory 91/100
2024-10-15 03:29:54,462 - INFO - Completed trajectory 92/100
2024-10-15 03:29:54,524 - INFO - Completed trajectory 93/100
2024-10-15 03:29:54,588 - INFO - Completed trajectory 94/100
2024-10-15 03:29:54,653 - INFO - Completed trajectory 95/100
2024-10-15 03:29:54,718 - INFO - Completed trajectory 96/100
2024-10-15 03:29:54,782 - INFO - Completed trajectory 97/100
2024-10-15 03:29:54,847 - INFO - Completed trajectory 98/100
2024-10-15 03:29:54,912 - INFO - Completed trajectory 99/100
2024-10-15 03:29:54,974 - INFO - Completed trajectory 100/100
2024-10-15 03:29:55,473 - INFO - NumExpr defaulting to 8 threads.
2024-10-15 03:29:56,763 - INFO - Koopman operators computed with shape X: (100, 499, 3)
2024-10-15 03:29:57,064 - INFO - Koopman operators plotted successfully.
2024-10-15 03:29:57,085 - INFO - Optimal LQR gain Kd computed successfully.
2024-10-15 03:29:57,419 - INFO - Eigenvalues plotted successfully.
2024-10-15 03:31:00,437 - INFO - Completed trajectory 1/100
2024-10-15 03:31:00,503 - INFO - Completed trajectory 2/100
2024-10-15 03:31:00,568 - INFO - Completed trajectory 3/100
2024-10-15 03:31:00,632 - INFO - Completed trajectory 4/100
2024-10-15 03:31:00,698 - INFO - Completed trajectory 5/100
2024-10-15 03:31:00,762 - INFO - Completed trajectory 6/100
2024-10-15 03:31:00,826 - INFO - Completed trajectory 7/100
2024-10-15 03:31:00,890 - INFO - Completed trajectory 8/100
2024-10-15 03:31:00,954 - INFO - Completed trajectory 9/100
2024-10-15 03:31:01,018 - INFO - Completed trajectory 10/100
2024-10-15 03:31:01,083 - INFO - Completed trajectory 11/100
2024-10-15 03:31:01,147 - INFO - Completed trajectory 12/100
2024-10-15 03:31:01,212 - INFO - Completed trajectory 13/100
2024-10-15 03:31:01,276 - INFO - Completed trajectory 14/100
2024-10-15 03:31:01,340 - INFO - Completed trajectory 15/100
2024-10-15 03:31:01,404 - INFO - Completed trajectory 16/100
2024-10-15 03:31:01,469 - INFO - Completed trajectory 17/100
2024-10-15 03:31:01,533 - INFO - Completed trajectory 18/100
2024-10-15 03:31:01,597 - INFO - Completed trajectory 19/100
2024-10-15 03:31:01,660 - INFO - Completed trajectory 20/100
2024-10-15 03:31:01,726 - INFO - Completed trajectory 21/100
2024-10-15 03:31:01,790 - INFO - Completed trajectory 22/100
2024-10-15 03:31:01,854 - INFO - Completed trajectory 23/100
2024-10-15 03:31:01,919 - INFO - Completed trajectory 24/100
2024-10-15 03:31:01,984 - INFO - Completed trajectory 25/100
2024-10-15 03:31:02,048 - INFO - Completed trajectory 26/100
2024-10-15 03:31:02,111 - INFO - Completed trajectory 27/100
2024-10-15 03:31:02,175 - INFO - Completed trajectory 28/100
2024-10-15 03:31:02,240 - INFO - Completed trajectory 29/100
2024-10-15 03:31:02,304 - INFO - Completed trajectory 30/100
2024-10-15 03:31:02,368 - INFO - Completed trajectory 31/100
2024-10-15 03:31:02,431 - INFO - Completed trajectory 32/100
2024-10-15 03:31:02,496 - INFO - Completed trajectory 33/100
2024-10-15 03:31:02,560 - INFO - Completed trajectory 34/100
2024-10-15 03:31:02,624 - INFO - Completed trajectory 35/100
2024-10-15 03:31:02,687 - INFO - Completed trajectory 36/100
2024-10-15 03:31:02,752 - INFO - Completed trajectory 37/100
2024-10-15 03:31:02,816 - INFO - Completed trajectory 38/100
2024-10-15 03:31:02,880 - INFO - Completed trajectory 39/100
2024-10-15 03:31:02,943 - INFO - Completed trajectory 40/100
2024-10-15 03:31:03,008 - INFO - Completed trajectory 41/100
2024-10-15 03:31:03,072 - INFO - Completed trajectory 42/100
2024-10-15 03:31:03,136 - INFO - Completed trajectory 43/100
2024-10-15 03:31:03,199 - INFO - Completed trajectory 44/100
2024-10-15 03:31:03,264 - INFO - Completed trajectory 45/100
2024-10-15 03:31:03,328 - INFO - Completed trajectory 46/100
2024-10-15 03:31:03,391 - INFO - Completed trajectory 47/100
2024-10-15 03:31:03,454 - INFO - Completed trajectory 48/100
2024-10-15 03:31:03,519 - INFO - Completed trajectory 49/100
2024-10-15 03:31:03,583 - INFO - Completed trajectory 50/100
2024-10-15 03:31:03,646 - INFO - Completed trajectory 51/100
2024-10-15 03:31:03,709 - INFO - Completed trajectory 52/100
2024-10-15 03:31:03,774 - INFO - Completed trajectory 53/100
2024-10-15 03:31:03,838 - INFO - Completed trajectory 54/100
2024-10-15 03:31:03,902 - INFO - Completed trajectory 55/100
2024-10-15 03:31:03,965 - INFO - Completed trajectory 56/100
2024-10-15 03:31:04,031 - INFO - Completed trajectory 57/100
2024-10-15 03:31:04,094 - INFO - Completed trajectory 58/100
2024-10-15 03:31:04,158 - INFO - Completed trajectory 59/100
2024-10-15 03:31:04,221 - INFO - Completed trajectory 60/100
2024-10-15 03:31:04,286 - INFO - Completed trajectory 61/100
2024-10-15 03:31:04,350 - INFO - Completed trajectory 62/100
2024-10-15 03:31:04,413 - INFO - Completed trajectory 63/100
2024-10-15 03:31:04,477 - INFO - Completed trajectory 64/100
2024-10-15 03:31:04,542 - INFO - Completed trajectory 65/100
2024-10-15 03:31:04,606 - INFO - Completed trajectory 66/100
2024-10-15 03:31:04,669 - INFO - Completed trajectory 67/100
2024-10-15 03:31:04,732 - INFO - Completed trajectory 68/100
2024-10-15 03:31:04,796 - INFO - Completed trajectory 69/100
2024-10-15 03:31:04,860 - INFO - Completed trajectory 70/100
2024-10-15 03:31:04,923 - INFO - Completed trajectory 71/100
2024-10-15 03:31:04,986 - INFO - Completed trajectory 72/100
2024-10-15 03:31:05,051 - INFO - Completed trajectory 73/100
2024-10-15 03:31:05,114 - INFO - Completed trajectory 74/100
2024-10-15 03:31:05,178 - INFO - Completed trajectory 75/100
2024-10-15 03:31:05,241 - INFO - Completed trajectory 76/100
2024-10-15 03:31:05,306 - INFO - Completed trajectory 77/100
2024-10-15 03:31:05,370 - INFO - Completed trajectory 78/100
2024-10-15 03:31:05,433 - INFO - Completed trajectory 79/100
2024-10-15 03:31:05,496 - INFO - Completed trajectory 80/100
2024-10-15 03:31:05,561 - INFO - Completed trajectory 81/100
2024-10-15 03:31:05,625 - INFO - Completed trajectory 82/100
2024-10-15 03:31:05,688 - INFO - Completed trajectory 83/100
2024-10-15 03:31:05,751 - INFO - Completed trajectory 84/100
2024-10-15 03:31:05,815 - INFO - Completed trajectory 85/100
2024-10-15 03:31:05,879 - INFO - Completed trajectory 86/100
2024-10-15 03:31:05,942 - INFO - Completed trajectory 87/100
2024-10-15 03:31:06,006 - INFO - Completed trajectory 88/100
2024-10-15 03:31:06,071 - INFO - Completed trajectory 89/100
2024-10-15 03:31:06,134 - INFO - Completed trajectory 90/100
2024-10-15 03:31:06,197 - INFO - Completed trajectory 91/100
2024-10-15 03:31:06,260 - INFO - Completed trajectory 92/100
2024-10-15 03:31:06,326 - INFO - Completed trajectory 93/100
2024-10-15 03:31:06,389 - INFO - Completed trajectory 94/100
2024-10-15 03:31:06,452 - INFO - Completed trajectory 95/100
2024-10-15 03:31:06,515 - INFO - Completed trajectory 96/100
2024-10-15 03:31:06,580 - INFO - Completed trajectory 97/100
2024-10-15 03:31:06,644 - INFO - Completed trajectory 98/100
2024-10-15 03:31:06,707 - INFO - Completed trajectory 99/100
2024-10-15 03:31:06,770 - INFO - Completed trajectory 100/100
2024-10-15 03:31:07,224 - INFO - NumExpr defaulting to 8 threads.
2024-10-15 03:31:08,365 - INFO - Koopman operators computed with shape X: (100, 499, 3)
2024-10-15 03:31:08,610 - INFO - Koopman operators plotted successfully.
2024-10-15 03:31:08,643 - INFO - Optimal LQR gain Kd computed successfully.
2024-10-15 03:31:08,965 - INFO - Eigenvalues plotted successfully.
